<?xml version="1.0" encoding="UTF-8"?>
<testsuite xmlns:xsi="http://www.w3.org/2001/XMLSchema-instance" xsi:noNamespaceSchemaLocation="https://maven.apache.org/surefire/maven-surefire-plugin/xsd/surefire-test-report-3.0.xsd" version="3.0" name="tests.WorkflowTest" time="174.045" tests="1" errors="0" skipped="0" failures="0">
  <properties>
[...]
</properties>
  <testcase name="testEndToEndWorkflow" classname="tests.WorkflowTest" time="125.668">
    <system-out><![CDATA[[SETUP] Initializing Playwright...
[SETUP] Browser is ready.
✅ Order IDs stored to Excel and CSV.
📄 Found Order Text: Payment for Order: QIX-1201,QIX-1202,QIX-1203
🆔 Latest Order ID: QIX-1203
Status Approved
File Upload success
🔄 Refreshing... Attempt 1
🔄 Refreshing... Attempt 2
🔄 Refreshing... Attempt 3
✅ Final Records found!
Final PDF generated
Email Invoice sent
Downloaded file path: C:\Users\admin\AppData\Local\Temp\playwright-artifacts-DTv8J4\c6c898d3-2b47-4fde-8935-e65f462a0a5e
]]></system-out>
  </testcase>
</testsuite>